Using pre-set license
Built from '2020.3/staging' branch; Version is '2020.3.14f1 (d0d1bb862f9d) revision 13685179'; Using compiler version '192528614'; Build Type 'Release'
OS: 'Windows 10 Pro; OS build 19042.1165; Version 2009; 64bit' Language: 'en' Physical Memory: 32683 MB
BatchMode: 1, IsHumanControllingUs: 0, StartBugReporterOnCrash: 0, Is64bit: 1, IsPro: 0

 COMMAND LINE ARGUMENTS:
C:\Sofwares\Unity\2020.3.14f1\Editor\Unity.exe
-adb2
-batchMode
-noUpm
-name
AssetImportWorker0
-projectPath
C:/Sofwares/Unity/projects/Revolution2/Revolution
-logFile
Logs/AssetImportWorker0.log
-srvPort
64983
Successfully changed project path to: C:/Sofwares/Unity/projects/Revolution2/Revolution
C:/Sofwares/Unity/projects/Revolution2/Revolution
Using Asset Import Pipeline V2.
Refreshing native plugins compatible for Editor in 39.71 ms, found 2 plugins.
Preloading 0 native plugins for Editor in 0.00 ms.
Initialize engine version: 2020.3.14f1 (d0d1bb862f9d)
[Subsystems] Discovering subsystems at path C:/Sofwares/Unity/2020.3.14f1/Editor/Data/Resources/UnitySubsystems
[Subsystems] Discovering subsystems at path C:/Sofwares/Unity/projects/Revolution2/Revolution/Assets
GfxDevice: creating device client; threaded=0
Direct3D:
    Version:  Direct3D 11.0 [level 11.1]
    Renderer: NVIDIA GeForce RTX 3080 (ID=0x2206)
    Vendor:   
    VRAM:     10078 MB
    Driver:   27.21.14.5709
Initialize mono
Mono path[0] = 'C:/Sofwares/Unity/2020.3.14f1/Editor/Data/Managed'
Mono path[1] = 'C:/Sofwares/Unity/2020.3.14f1/Editor/Data/MonoBleedingEdge/lib/mono/unityjit'
Mono config path = 'C:/Sofwares/Unity/2020.3.14f1/Editor/Data/MonoBleedingEdge/etc'
Using monoOptions --debugger-agent=transport=dt_socket,embedding=1,server=y,suspend=n,address=127.0.0.1:56980
Begin MonoManager ReloadAssembly
Registering precompiled unity dll's ...
Register platform support module: C:/Sofwares/Unity/2020.3.14f1/Editor/Data/PlaybackEngines/WindowsStandaloneSupport/UnityEditor.WindowsStandalone.Extensions.dll
Registered in 0.001367 seconds.
Native extension for WindowsStandalone target not found
Refreshing native plugins compatible for Editor in 41.83 ms, found 2 plugins.
Preloading 0 native plugins for Editor in 0.00 ms.
Mono: successfully reloaded assembly
- Completed reload, in  0.755 seconds
Domain Reload Profiling:
	ReloadAssembly (755ms)
		BeginReloadAssembly (40ms)
			ExecutionOrderSort (0ms)
			DisableScriptedObjects (0ms)
			BackupInstance (0ms)
			ReleaseScriptingObjects (0ms)
			CreateAndSetChildDomain (1ms)
		EndReloadAssembly (287ms)
			LoadAssemblies (38ms)
			RebuildTransferFunctionScriptingTraits (0ms)
			SetupTypeCache (87ms)
			ReleaseScriptCaches (0ms)
			RebuildScriptCaches (19ms)
			SetupLoadedEditorAssemblies (136ms)
				LogAssemblyErrors (0ms)
				InitializePlatformSupportModulesInManaged (3ms)
				SetLoadedEditorAssemblies (0ms)
				RefreshPlugins (42ms)
				BeforeProcessingInitializeOnLoad (7ms)
				ProcessInitializeOnLoadAttributes (65ms)
				ProcessInitializeOnLoadMethodAttributes (18ms)
				AfterProcessingInitializeOnLoad (0ms)
				EditorAssembliesLoaded (0ms)
			ExecutionOrderSort2 (0ms)
			AwakeInstancesAfterBackupRestoration (0ms)
Platform modules already initialized, skipping
Registering precompiled user dll's ...
Registered in 0.003222 seconds.
Begin MonoManager ReloadAssembly
Native extension for WindowsStandalone target not found
Refreshing native plugins compatible for Editor in 38.59 ms, found 2 plugins.
Preloading 0 native plugins for Editor in 0.00 ms.
Mono: successfully reloaded assembly
- Completed reload, in  1.173 seconds
Domain Reload Profiling:
	ReloadAssembly (1174ms)
		BeginReloadAssembly (102ms)
			ExecutionOrderSort (0ms)
			DisableScriptedObjects (3ms)
			BackupInstance (0ms)
			ReleaseScriptingObjects (0ms)
			CreateAndSetChildDomain (15ms)
		EndReloadAssembly (1031ms)
			LoadAssemblies (64ms)
			RebuildTransferFunctionScriptingTraits (0ms)
			SetupTypeCache (203ms)
			ReleaseScriptCaches (1ms)
			RebuildScriptCaches (35ms)
			SetupLoadedEditorAssemblies (652ms)
				LogAssemblyErrors (0ms)
				InitializePlatformSupportModulesInManaged (3ms)
				SetLoadedEditorAssemblies (0ms)
				RefreshPlugins (39ms)
				BeforeProcessingInitializeOnLoad (72ms)
				ProcessInitializeOnLoadAttributes (530ms)
				ProcessInitializeOnLoadMethodAttributes (3ms)
				AfterProcessingInitializeOnLoad (5ms)
				EditorAssembliesLoaded (0ms)
			ExecutionOrderSort2 (0ms)
			AwakeInstancesAfterBackupRestoration (4ms)
Platform modules already initialized, skipping
========================================================================
Worker process is ready to serve import requests
Shader 'Universal Render Pipeline/Particles/Lit': fallback shader 'Universal Render Pipeline/Particles/SimpleLit' not found
Shader 'Universal Render Pipeline/Particles/Lit': fallback shader 'Universal Render Pipeline/Particles/SimpleLit' not found
Launched and connected shader compiler UnityShaderCompiler.exe after 0.03 seconds
Refreshing native plugins compatible for Editor in 0.66 ms, found 2 plugins.
Preloading 0 native plugins for Editor in 0.00 ms.
Unloading 3111 Unused Serialized files (Serialized files now loaded: 0)
System memory in use before: 162.8 MB.
System memory in use after: 160.1 MB.

Unloading 52 unused Assets to reduce memory usage. Loaded Objects now: 3543.
Total: 4.649400 ms (FindLiveObjects: 0.359200 ms CreateObjectMapping: 0.145500 ms MarkObjects: 3.045500 ms  DeleteObjects: 1.098500 ms)

AssetImportParameters requested are different than current active one (requested -> active):
  custom:framework-win-MediaFoundation: 216162199b28c13a410421893ffa2e32 -> 
  custom:video-decoder-ogg-theora: a1e56fd34408186e4bbccfd4996cb3dc -> 
  custom:container-muxer-webm: aa71ff27fc2769a1b78a27578f13a17b -> 
  custom:container-demuxer-webm: 4f35f7cbe854078d1ac9338744f61a02 -> 
  custom:container-demuxer-ogg: 62fdf1f143b41e24485cea50d1cbac27 -> 
  custom:video-encoder-webm-vp8: eb34c28f22e8b96e1ab97ce403110664 -> 
  custom:video-decoder-webm-vp8: 9c59270c3fd7afecdb556c50c9e8de78 -> 
  custom:audio-decoder-ogg-vorbis: bf7c407c2cedff20999df2af8eb42d56 -> 
  custom:audio-encoder-webm-vorbis: bf7c407c2cedff20999df2af8eb42d56 -> 
========================================================================
Received Import Request.
  path: Assets
  artifactKey: Guid(00000000000000001000000000000000) Importer(815301076,1909f56bfc062723c751e8b465ee728b)
Start importing Assets using Guid(00000000000000001000000000000000) Importer(815301076,1909f56bfc062723c751e8b465ee728b)  -> (artifact id: '42d402b061de3733987d63b9cc3b64de') in 0.008945 seconds 
  Import took 0.013036 seconds .

========================================================================
Received Import Request.
  Time since last request: 0.479467 seconds.
  path: Assets/Cops
  artifactKey: Guid(ba7a4272f32413046be6ed6ab7af961c) Importer(815301076,1909f56bfc062723c751e8b465ee728b)
Start importing Assets/Cops using Guid(ba7a4272f32413046be6ed6ab7af961c) Importer(815301076,1909f56bfc062723c751e8b465ee728b)  -> (artifact id: 'e5f152842cc84b684e1c2cc4f1c891a2') in 0.007513 seconds 
  Import took 0.013371 seconds .

========================================================================
Received Import Request.
  Time since last request: 4.275271 seconds.
  path: Assets/Mixamo/cop@Crouched Walking.fbx
  artifactKey: Guid(459f750230646614783385b012dddd3e) Importer(815301076,1909f56bfc062723c751e8b465ee728b)
Start importing Assets/Mixamo/cop@Crouched Walking.fbx using Guid(459f750230646614783385b012dddd3e) Importer(815301076,1909f56bfc062723c751e8b465ee728b)  -> (artifact id: 'd40de66f11ed6a8f1a120bdf12300604') in 0.255586 seconds 
  Import took 0.261012 seconds .

========================================================================
Received Import Request.
  Time since last request: 20.427793 seconds.
  path: Assets/Cops/Crouched Walking.anim
  artifactKey: Guid(f43da5cb04773f24f90b6204ea235e86) Importer(815301076,1909f56bfc062723c751e8b465ee728b)
Start importing Assets/Cops/Crouched Walking.anim using Guid(f43da5cb04773f24f90b6204ea235e86) Importer(815301076,1909f56bfc062723c751e8b465ee728b)  -> (artifact id: '7fcc2116bd4fae34437478825a7ecd26') in 0.009001 seconds 
  Import took 0.013265 seconds .

========================================================================
Received Import Request.
  Time since last request: 4.588074 seconds.
  path: Assets/Cops/cop@Crouched Walking.fbx
  artifactKey: Guid(459f750230646614783385b012dddd3e) Importer(815301076,1909f56bfc062723c751e8b465ee728b)
Start importing Assets/Cops/cop@Crouched Walking.fbx using Guid(459f750230646614783385b012dddd3e) Importer(815301076,1909f56bfc062723c751e8b465ee728b)  -> (artifact id: '7a2799f30cefd0c43b8252dd905a3b42') in 0.063408 seconds 
  Import took 0.068018 seconds .

========================================================================
Received Import Request.
  Time since last request: 23.187490 seconds.
  path: Assets/Cops/RangeStanding.controller
  artifactKey: Guid(4e406cffc5011f9439a3c9274c599c18) Importer(815301076,1909f56bfc062723c751e8b465ee728b)
Start importing Assets/Cops/RangeStanding.controller using Guid(4e406cffc5011f9439a3c9274c599c18) Importer(815301076,1909f56bfc062723c751e8b465ee728b)  -> (artifact id: '210afb1e1f9c5bc79191c266eda4d01b') in 0.007237 seconds 
  Import took 0.011885 seconds .

========================================================================
Received Import Request.
  Time since last request: 24.434538 seconds.
  path: Assets/Cops/RangeStanding.controller
  artifactKey: Guid(4e406cffc5011f9439a3c9274c599c18) Importer(815301076,1909f56bfc062723c751e8b465ee728b)
Start importing Assets/Cops/RangeStanding.controller using Guid(4e406cffc5011f9439a3c9274c599c18) Importer(815301076,1909f56bfc062723c751e8b465ee728b)  -> (artifact id: 'bc005b3c9f3c9ec643057936b00b9cbc') in 0.005027 seconds 
  Import took 0.008807 seconds .

========================================================================
Received Prepare
Registering precompiled user dll's ...
Registered in 0.003802 seconds.
Begin MonoManager ReloadAssembly
Native extension for WindowsStandalone target not found
Refreshing native plugins compatible for Editor in 0.60 ms, found 2 plugins.
Preloading 0 native plugins for Editor in 0.00 ms.
Mono: successfully reloaded assembly
- Completed reload, in  0.859 seconds
Domain Reload Profiling:
	ReloadAssembly (859ms)
		BeginReloadAssembly (108ms)
			ExecutionOrderSort (0ms)
			DisableScriptedObjects (4ms)
			BackupInstance (0ms)
			ReleaseScriptingObjects (0ms)
			CreateAndSetChildDomain (32ms)
		EndReloadAssembly (709ms)
			LoadAssemblies (64ms)
			RebuildTransferFunctionScriptingTraits (0ms)
			SetupTypeCache (188ms)
			ReleaseScriptCaches (1ms)
			RebuildScriptCaches (31ms)
			SetupLoadedEditorAssemblies (343ms)
				LogAssemblyErrors (0ms)
				InitializePlatformSupportModulesInManaged (3ms)
				SetLoadedEditorAssemblies (0ms)
				RefreshPlugins (1ms)
				BeforeProcessingInitializeOnLoad (76ms)
				ProcessInitializeOnLoadAttributes (256ms)
				ProcessInitializeOnLoadMethodAttributes (2ms)
				AfterProcessingInitializeOnLoad (4ms)
				EditorAssembliesLoaded (0ms)
			ExecutionOrderSort2 (0ms)
			AwakeInstancesAfterBackupRestoration (10ms)
Platform modules already initialized, skipping
Shader 'Universal Render Pipeline/Particles/Lit': fallback shader 'Universal Render Pipeline/Particles/SimpleLit' not found
Shader 'Universal Render Pipeline/Particles/Lit': fallback shader 'Universal Render Pipeline/Particles/SimpleLit' not found
Refreshing native plugins compatible for Editor in 0.64 ms, found 2 plugins.
Preloading 0 native plugins for Editor in 0.00 ms.
Unloading 3010 Unused Serialized files (Serialized files now loaded: 0)
System memory in use before: 175.8 MB.
System memory in use after: 173.1 MB.

Unloading 48 unused Assets to reduce memory usage. Loaded Objects now: 3629.
Total: 4.182300 ms (FindLiveObjects: 0.310600 ms CreateObjectMapping: 0.113400 ms MarkObjects: 2.675300 ms  DeleteObjects: 1.081900 ms)

AssetImportParameters requested are different than current active one (requested -> active):
  custom:framework-win-MediaFoundation: 216162199b28c13a410421893ffa2e32 -> 
  custom:video-decoder-ogg-theora: a1e56fd34408186e4bbccfd4996cb3dc -> 
  custom:container-muxer-webm: aa71ff27fc2769a1b78a27578f13a17b -> 
  custom:container-demuxer-webm: 4f35f7cbe854078d1ac9338744f61a02 -> 
  custom:container-demuxer-ogg: 62fdf1f143b41e24485cea50d1cbac27 -> 
  custom:video-encoder-webm-vp8: eb34c28f22e8b96e1ab97ce403110664 -> 
  custom:video-decoder-webm-vp8: 9c59270c3fd7afecdb556c50c9e8de78 -> 
  custom:audio-decoder-ogg-vorbis: bf7c407c2cedff20999df2af8eb42d56 -> 
  custom:audio-encoder-webm-vorbis: bf7c407c2cedff20999df2af8eb42d56 -> 
========================================================================
Received Import Request.
  Time since last request: 22.577216 seconds.
  path: Assets/Cops/cop@Crouched Walking.fbx
  artifactKey: Guid(459f750230646614783385b012dddd3e) Importer(815301076,1909f56bfc062723c751e8b465ee728b)
Start importing Assets/Cops/cop@Crouched Walking.fbx using Guid(459f750230646614783385b012dddd3e) Importer(815301076,1909f56bfc062723c751e8b465ee728b)  -> (artifact id: '7d6e107d599d290dc7646b9221acca7a') in 0.188484 seconds 
  Import took 0.193329 seconds .

========================================================================
Received Import Request.
  Time since last request: 0.999414 seconds.
  path: Assets/Cops/cop@Crouched Walking.fbx
  artifactKey: Guid(459f750230646614783385b012dddd3e) Importer(815301076,1909f56bfc062723c751e8b465ee728b)
Start importing Assets/Cops/cop@Crouched Walking.fbx using Guid(459f750230646614783385b012dddd3e) Importer(815301076,1909f56bfc062723c751e8b465ee728b)  -> (artifact id: '7d6e107d599d290dc7646b9221acca7a') in 0.071796 seconds 
  Import took 0.076244 seconds .

========================================================================
Received Prepare
Registering precompiled user dll's ...
Registered in 0.003358 seconds.
Begin MonoManager ReloadAssembly
Native extension for WindowsStandalone target not found
Refreshing native plugins compatible for Editor in 0.74 ms, found 2 plugins.
Preloading 0 native plugins for Editor in 0.00 ms.
Mono: successfully reloaded assembly
- Completed reload, in  0.858 seconds
Domain Reload Profiling:
	ReloadAssembly (859ms)
		BeginReloadAssembly (99ms)
			ExecutionOrderSort (0ms)
			DisableScriptedObjects (4ms)
			BackupInstance (0ms)
			ReleaseScriptingObjects (0ms)
			CreateAndSetChildDomain (33ms)
		EndReloadAssembly (720ms)
			LoadAssemblies (64ms)
			RebuildTransferFunctionScriptingTraits (0ms)
			SetupTypeCache (193ms)
			ReleaseScriptCaches (1ms)
			RebuildScriptCaches (31ms)
			SetupLoadedEditorAssemblies (344ms)
				LogAssemblyErrors (0ms)
				InitializePlatformSupportModulesInManaged (3ms)
				SetLoadedEditorAssemblies (0ms)
				RefreshPlugins (1ms)
				BeforeProcessingInitializeOnLoad (75ms)
				ProcessInitializeOnLoadAttributes (258ms)
				ProcessInitializeOnLoadMethodAttributes (3ms)
				AfterProcessingInitializeOnLoad (5ms)
				EditorAssembliesLoaded (0ms)
			ExecutionOrderSort2 (0ms)
			AwakeInstancesAfterBackupRestoration (9ms)
Platform modules already initialized, skipping
Shader 'Universal Render Pipeline/Particles/Lit': fallback shader 'Universal Render Pipeline/Particles/SimpleLit' not found
Shader 'Universal Render Pipeline/Particles/Lit': fallback shader 'Universal Render Pipeline/Particles/SimpleLit' not found
Refreshing native plugins compatible for Editor in 0.61 ms, found 2 plugins.
Preloading 0 native plugins for Editor in 0.00 ms.
Unloading 3010 Unused Serialized files (Serialized files now loaded: 0)
System memory in use before: 176.1 MB.
System memory in use after: 173.4 MB.

Unloading 48 unused Assets to reduce memory usage. Loaded Objects now: 3668.
Total: 3.944800 ms (FindLiveObjects: 0.327500 ms CreateObjectMapping: 0.121500 ms MarkObjects: 2.326200 ms  DeleteObjects: 1.169000 ms)

AssetImportParameters requested are different than current active one (requested -> active):
  custom:framework-win-MediaFoundation: 216162199b28c13a410421893ffa2e32 -> 
  custom:video-decoder-ogg-theora: a1e56fd34408186e4bbccfd4996cb3dc -> 
  custom:container-muxer-webm: aa71ff27fc2769a1b78a27578f13a17b -> 
  custom:container-demuxer-webm: 4f35f7cbe854078d1ac9338744f61a02 -> 
  custom:container-demuxer-ogg: 62fdf1f143b41e24485cea50d1cbac27 -> 
  custom:video-encoder-webm-vp8: eb34c28f22e8b96e1ab97ce403110664 -> 
  custom:video-decoder-webm-vp8: 9c59270c3fd7afecdb556c50c9e8de78 -> 
  custom:audio-decoder-ogg-vorbis: bf7c407c2cedff20999df2af8eb42d56 -> 
  custom:audio-encoder-webm-vorbis: bf7c407c2cedff20999df2af8eb42d56 -> 
========================================================================
Received Prepare
Registering precompiled user dll's ...
Registered in 0.003360 seconds.
Begin MonoManager ReloadAssembly
Native extension for WindowsStandalone target not found
Refreshing native plugins compatible for Editor in 0.60 ms, found 2 plugins.
Preloading 0 native plugins for Editor in 0.00 ms.
Mono: successfully reloaded assembly
- Completed reload, in  0.841 seconds
Domain Reload Profiling:
	ReloadAssembly (841ms)
		BeginReloadAssembly (99ms)
			ExecutionOrderSort (0ms)
			DisableScriptedObjects (3ms)
			BackupInstance (0ms)
			ReleaseScriptingObjects (0ms)
			CreateAndSetChildDomain (30ms)
		EndReloadAssembly (699ms)
			LoadAssemblies (74ms)
			RebuildTransferFunctionScriptingTraits (0ms)
			SetupTypeCache (188ms)
			ReleaseScriptCaches (1ms)
			RebuildScriptCaches (31ms)
			SetupLoadedEditorAssemblies (319ms)
				LogAssemblyErrors (0ms)
				InitializePlatformSupportModulesInManaged (3ms)
				SetLoadedEditorAssemblies (0ms)
				RefreshPlugins (1ms)
				BeforeProcessingInitializeOnLoad (72ms)
				ProcessInitializeOnLoadAttributes (236ms)
				ProcessInitializeOnLoadMethodAttributes (2ms)
				AfterProcessingInitializeOnLoad (4ms)
				EditorAssembliesLoaded (0ms)
			ExecutionOrderSort2 (0ms)
			AwakeInstancesAfterBackupRestoration (9ms)
Platform modules already initialized, skipping
Shader 'Universal Render Pipeline/Particles/Lit': fallback shader 'Universal Render Pipeline/Particles/SimpleLit' not found
Shader 'Universal Render Pipeline/Particles/Lit': fallback shader 'Universal Render Pipeline/Particles/SimpleLit' not found
Refreshing native plugins compatible for Editor in 0.61 ms, found 2 plugins.
Preloading 0 native plugins for Editor in 0.00 ms.
Unloading 3010 Unused Serialized files (Serialized files now loaded: 0)
System memory in use before: 176.1 MB.
System memory in use after: 173.4 MB.

Unloading 48 unused Assets to reduce memory usage. Loaded Objects now: 3671.
Total: 4.254700 ms (FindLiveObjects: 0.316000 ms CreateObjectMapping: 0.122100 ms MarkObjects: 2.551600 ms  DeleteObjects: 1.264300 ms)

AssetImportParameters requested are different than current active one (requested -> active):
  custom:framework-win-MediaFoundation: 216162199b28c13a410421893ffa2e32 -> 
  custom:video-decoder-ogg-theora: a1e56fd34408186e4bbccfd4996cb3dc -> 
  custom:container-muxer-webm: aa71ff27fc2769a1b78a27578f13a17b -> 
  custom:container-demuxer-webm: 4f35f7cbe854078d1ac9338744f61a02 -> 
  custom:container-demuxer-ogg: 62fdf1f143b41e24485cea50d1cbac27 -> 
  custom:video-encoder-webm-vp8: eb34c28f22e8b96e1ab97ce403110664 -> 
  custom:video-decoder-webm-vp8: 9c59270c3fd7afecdb556c50c9e8de78 -> 
  custom:audio-decoder-ogg-vorbis: bf7c407c2cedff20999df2af8eb42d56 -> 
  custom:audio-encoder-webm-vorbis: bf7c407c2cedff20999df2af8eb42d56 -> 
========================================================================
Received Import Request.
  Time since last request: 27.514262 seconds.
  path: Assets/Cops/Hat.mat
  artifactKey: Guid(5f861b24af18c1349910a7f524dac91f) Importer(815301076,1909f56bfc062723c751e8b465ee728b)
Start importing Assets/Cops/Hat.mat using Guid(5f861b24af18c1349910a7f524dac91f) Importer(815301076,1909f56bfc062723c751e8b465ee728b)  -> (artifact id: 'd1e4d8bf1346b36714d0bd671bb1a20e') in 0.140569 seconds 
  Import took 0.145005 seconds .

========================================================================
Received Import Request.
  Time since last request: 40.395192 seconds.
  path: Assets/Cops/Hat.mat
  artifactKey: Guid(5f861b24af18c1349910a7f524dac91f) Importer(815301076,1909f56bfc062723c751e8b465ee728b)
Start importing Assets/Cops/Hat.mat using Guid(5f861b24af18c1349910a7f524dac91f) Importer(815301076,1909f56bfc062723c751e8b465ee728b)  -> (artifact id: 'df426a60ab3c32cc813f19f5a5170e4f') in 0.010569 seconds 
  Import took 0.015530 seconds .

========================================================================
Received Import Request.
  Time since last request: 11.925814 seconds.
  path: Assets/Cops/Hat 1.mat
  artifactKey: Guid(3ba7d91dff8b7924a81647163c531acb) Importer(815301076,1909f56bfc062723c751e8b465ee728b)
Start importing Assets/Cops/Hat 1.mat using Guid(3ba7d91dff8b7924a81647163c531acb) Importer(815301076,1909f56bfc062723c751e8b465ee728b)  -> (artifact id: '90be355707ab7e92cf4906a1f08c6835') in 0.012386 seconds 
  Import took 0.017301 seconds .

========================================================================
Received Import Request.
  Time since last request: 13.364431 seconds.
  path: Assets/Cops/Hat 2.mat
  artifactKey: Guid(daf5c649995a78644b460b4f20305246) Importer(815301076,1909f56bfc062723c751e8b465ee728b)
Start importing Assets/Cops/Hat 2.mat using Guid(daf5c649995a78644b460b4f20305246) Importer(815301076,1909f56bfc062723c751e8b465ee728b)  -> (artifact id: '110668aaf3ab7896cdea81a02ed599f8') in 0.011584 seconds 
  Import took 0.016586 seconds .

========================================================================
Received Import Request.
  Time since last request: 96.603158 seconds.
  path: Assets/Cops/Hat 3.mat
  artifactKey: Guid(f8d8ac0e040a4ee4b89fc570d3245432) Importer(815301076,1909f56bfc062723c751e8b465ee728b)
Start importing Assets/Cops/Hat 3.mat using Guid(f8d8ac0e040a4ee4b89fc570d3245432) Importer(815301076,1909f56bfc062723c751e8b465ee728b)  -> (artifact id: 'ff3796006cbcf38e350dcdbb5cad654a') in 0.011987 seconds 
  Import took 0.016552 seconds .

========================================================================
Received Import Request.
  Time since last request: 47.646836 seconds.
  path: Assets/Cops/Hat 3.mat
  artifactKey: Guid(f8d8ac0e040a4ee4b89fc570d3245432) Importer(815301076,1909f56bfc062723c751e8b465ee728b)
Start importing Assets/Cops/Hat 3.mat using Guid(f8d8ac0e040a4ee4b89fc570d3245432) Importer(815301076,1909f56bfc062723c751e8b465ee728b)  -> (artifact id: 'a47bc179bc6c51d6f3078a3e232f1784') in 0.013132 seconds 
  Import took 0.017653 seconds .

========================================================================
Received Import Request.
  Time since last request: 23.008288 seconds.
  path: Assets/Cops/Hat 4.mat
  artifactKey: Guid(5dfa5dacb1182d94cafc6d19a816852e) Importer(815301076,1909f56bfc062723c751e8b465ee728b)
Start importing Assets/Cops/Hat 4.mat using Guid(5dfa5dacb1182d94cafc6d19a816852e) Importer(815301076,1909f56bfc062723c751e8b465ee728b)  -> (artifact id: '938c216bcc647fa09131c2c661b28744') in 0.011135 seconds 
  Import took 0.016013 seconds .

========================================================================
Received Import Request.
  Time since last request: 15.468735 seconds.
  path: Assets/Cops/Hat 5.mat
  artifactKey: Guid(3f77686332bf6f64c8576448d5a01fa7) Importer(815301076,1909f56bfc062723c751e8b465ee728b)
Start importing Assets/Cops/Hat 5.mat using Guid(3f77686332bf6f64c8576448d5a01fa7) Importer(815301076,1909f56bfc062723c751e8b465ee728b)  -> (artifact id: '9c8d189fc78c3ac348c5c87f87c28ff7') in 0.011816 seconds 
  Import took 0.016243 seconds .

========================================================================
Received Import Request.
  Time since last request: 12.005328 seconds.
  path: Assets/Cops/Hat 6.mat
  artifactKey: Guid(0cc0ea9709110514b827be16c4e600d2) Importer(815301076,1909f56bfc062723c751e8b465ee728b)
Start importing Assets/Cops/Hat 6.mat using Guid(0cc0ea9709110514b827be16c4e600d2) Importer(815301076,1909f56bfc062723c751e8b465ee728b)  -> (artifact id: '3306d1a387c3d928344d786c662c48b2') in 0.012491 seconds 
  Import took 0.016611 seconds .

========================================================================
Received Prepare
Registering precompiled user dll's ...
Registered in 0.003208 seconds.
Begin MonoManager ReloadAssembly
Native extension for WindowsStandalone target not found
Refreshing native plugins compatible for Editor in 0.60 ms, found 2 plugins.
Preloading 0 native plugins for Editor in 0.00 ms.
Mono: successfully reloaded assembly
- Completed reload, in  0.861 seconds
Domain Reload Profiling:
	ReloadAssembly (861ms)
		BeginReloadAssembly (100ms)
			ExecutionOrderSort (0ms)
			DisableScriptedObjects (4ms)
			BackupInstance (0ms)
			ReleaseScriptingObjects (0ms)
			CreateAndSetChildDomain (32ms)
		EndReloadAssembly (718ms)
			LoadAssemblies (65ms)
			RebuildTransferFunctionScriptingTraits (0ms)
			SetupTypeCache (189ms)
			ReleaseScriptCaches (1ms)
			RebuildScriptCaches (30ms)
			SetupLoadedEditorAssemblies (347ms)
				LogAssemblyErrors (0ms)
				InitializePlatformSupportModulesInManaged (4ms)
				SetLoadedEditorAssemblies (0ms)
				RefreshPlugins (1ms)
				BeforeProcessingInitializeOnLoad (73ms)
				ProcessInitializeOnLoadAttributes (262ms)
				ProcessInitializeOnLoadMethodAttributes (3ms)
				AfterProcessingInitializeOnLoad (5ms)
				EditorAssembliesLoaded (0ms)
			ExecutionOrderSort2 (0ms)
			AwakeInstancesAfterBackupRestoration (10ms)
Platform modules already initialized, skipping
Shader 'Universal Render Pipeline/Particles/Lit': fallback shader 'Universal Render Pipeline/Particles/SimpleLit' not found
Shader 'Universal Render Pipeline/Particles/Lit': fallback shader 'Universal Render Pipeline/Particles/SimpleLit' not found
Refreshing native plugins compatible for Editor in 0.82 ms, found 2 plugins.
Preloading 0 native plugins for Editor in 0.00 ms.
Unloading 3010 Unused Serialized files (Serialized files now loaded: 0)
System memory in use before: 176.2 MB.
System memory in use after: 173.6 MB.

Unloading 48 unused Assets to reduce memory usage. Loaded Objects now: 3710.
Total: 4.152300 ms (FindLiveObjects: 0.332600 ms CreateObjectMapping: 0.123000 ms MarkObjects: 2.462600 ms  DeleteObjects: 1.233400 ms)

AssetImportParameters requested are different than current active one (requested -> active):
  custom:framework-win-MediaFoundation: 216162199b28c13a410421893ffa2e32 -> 
  custom:video-decoder-ogg-theora: a1e56fd34408186e4bbccfd4996cb3dc -> 
  custom:container-muxer-webm: aa71ff27fc2769a1b78a27578f13a17b -> 
  custom:container-demuxer-webm: 4f35f7cbe854078d1ac9338744f61a02 -> 
  custom:container-demuxer-ogg: 62fdf1f143b41e24485cea50d1cbac27 -> 
  custom:video-encoder-webm-vp8: eb34c28f22e8b96e1ab97ce403110664 -> 
  custom:video-decoder-webm-vp8: 9c59270c3fd7afecdb556c50c9e8de78 -> 
  custom:audio-decoder-ogg-vorbis: bf7c407c2cedff20999df2af8eb42d56 -> 
  custom:audio-encoder-webm-vorbis: bf7c407c2cedff20999df2af8eb42d56 -> 
========================================================================
Received Import Request.
  Time since last request: 71.028583 seconds.
  path: Assets/Cops/gun.fbx
  artifactKey: Guid(339b803a5da3f634a83f24d633cca69a) Importer(815301076,1909f56bfc062723c751e8b465ee728b)
Start importing Assets/Cops/gun.fbx using Guid(339b803a5da3f634a83f24d633cca69a) Importer(815301076,1909f56bfc062723c751e8b465ee728b)  -> (artifact id: 'ac568a9acd74a4d23a7bdf6317db1e5a') in 0.140682 seconds 
  Import took 0.145174 seconds .

========================================================================
Received Import Request.
  Time since last request: 13.955588 seconds.
  path: Assets/Cops/Gun.mat
  artifactKey: Guid(50d04359b1b04c64d9fbcd90942f1823) Importer(815301076,1909f56bfc062723c751e8b465ee728b)
Start importing Assets/Cops/Gun.mat using Guid(50d04359b1b04c64d9fbcd90942f1823) Importer(815301076,1909f56bfc062723c751e8b465ee728b)  -> (artifact id: '68fbd206e6445392470e355e5fcf2f5e') in 0.012363 seconds 
  Import took 0.016924 seconds .

========================================================================
Received Import Request.
  Time since last request: 13.749733 seconds.
  path: Assets/Cops/Gun.mat
  artifactKey: Guid(50d04359b1b04c64d9fbcd90942f1823) Importer(815301076,1909f56bfc062723c751e8b465ee728b)
Start importing Assets/Cops/Gun.mat using Guid(50d04359b1b04c64d9fbcd90942f1823) Importer(815301076,1909f56bfc062723c751e8b465ee728b)  -> (artifact id: '77b0de4807925c1feaddbdbd100f0399') in 0.011277 seconds 
  Import took 0.015667 seconds .

========================================================================
Received Prepare
Registering precompiled user dll's ...
Registered in 0.003670 seconds.
Begin MonoManager ReloadAssembly
Native extension for WindowsStandalone target not found
Refreshing native plugins compatible for Editor in 0.63 ms, found 2 plugins.
Preloading 0 native plugins for Editor in 0.00 ms.
Mono: successfully reloaded assembly
- Completed reload, in  0.863 seconds
Domain Reload Profiling:
	ReloadAssembly (863ms)
		BeginReloadAssembly (99ms)
			ExecutionOrderSort (0ms)
			DisableScriptedObjects (5ms)
			BackupInstance (0ms)
			ReleaseScriptingObjects (0ms)
			CreateAndSetChildDomain (33ms)
		EndReloadAssembly (724ms)
			LoadAssemblies (66ms)
			RebuildTransferFunctionScriptingTraits (0ms)
			SetupTypeCache (197ms)
			ReleaseScriptCaches (1ms)
			RebuildScriptCaches (31ms)
			SetupLoadedEditorAssemblies (343ms)
				LogAssemblyErrors (0ms)
				InitializePlatformSupportModulesInManaged (3ms)
				SetLoadedEditorAssemblies (2ms)
				RefreshPlugins (1ms)
				BeforeProcessingInitializeOnLoad (80ms)
				ProcessInitializeOnLoadAttributes (250ms)
				ProcessInitializeOnLoadMethodAttributes (3ms)
				AfterProcessingInitializeOnLoad (4ms)
				EditorAssembliesLoaded (0ms)
			ExecutionOrderSort2 (0ms)
			AwakeInstancesAfterBackupRestoration (12ms)
Platform modules already initialized, skipping
Shader 'Universal Render Pipeline/Particles/Lit': fallback shader 'Universal Render Pipeline/Particles/SimpleLit' not found
Shader 'Universal Render Pipeline/Particles/Lit': fallback shader 'Universal Render Pipeline/Particles/SimpleLit' not found
Refreshing native plugins compatible for Editor in 0.82 ms, found 2 plugins.
Preloading 0 native plugins for Editor in 0.00 ms.
Unloading 3010 Unused Serialized files (Serialized files now loaded: 0)
System memory in use before: 176.4 MB.
System memory in use after: 173.7 MB.

Unloading 48 unused Assets to reduce memory usage. Loaded Objects now: 3749.
Total: 4.534900 ms (FindLiveObjects: 0.345000 ms CreateObjectMapping: 0.141600 ms MarkObjects: 2.752200 ms  DeleteObjects: 1.295200 ms)

AssetImportParameters requested are different than current active one (requested -> active):
  custom:framework-win-MediaFoundation: 216162199b28c13a410421893ffa2e32 -> 
  custom:video-decoder-ogg-theora: a1e56fd34408186e4bbccfd4996cb3dc -> 
  custom:container-muxer-webm: aa71ff27fc2769a1b78a27578f13a17b -> 
  custom:container-demuxer-webm: 4f35f7cbe854078d1ac9338744f61a02 -> 
  custom:container-demuxer-ogg: 62fdf1f143b41e24485cea50d1cbac27 -> 
  custom:video-encoder-webm-vp8: eb34c28f22e8b96e1ab97ce403110664 -> 
  custom:video-decoder-webm-vp8: 9c59270c3fd7afecdb556c50c9e8de78 -> 
  custom:audio-decoder-ogg-vorbis: bf7c407c2cedff20999df2af8eb42d56 -> 
  custom:audio-encoder-webm-vorbis: bf7c407c2cedff20999df2af8eb42d56 -> 
========================================================================
Received Import Request.
  Time since last request: 143.663170 seconds.
  path: Assets/Cops/Gun.mat
  artifactKey: Guid(50d04359b1b04c64d9fbcd90942f1823) Importer(815301076,1909f56bfc062723c751e8b465ee728b)
Start importing Assets/Cops/Gun.mat using Guid(50d04359b1b04c64d9fbcd90942f1823) Importer(815301076,1909f56bfc062723c751e8b465ee728b)  -> (artifact id: 'd12e8de40c6ed7b0f92bb07aeb38d698') in 0.119642 seconds 
  Import took 0.124761 seconds .

========================================================================
Received Prepare
Registering precompiled user dll's ...
Registered in 0.004575 seconds.
Begin MonoManager ReloadAssembly
Native extension for WindowsStandalone target not found
Refreshing native plugins compatible for Editor in 0.64 ms, found 2 plugins.
Preloading 0 native plugins for Editor in 0.00 ms.
Mono: successfully reloaded assembly
- Completed reload, in  0.874 seconds
Domain Reload Profiling:
	ReloadAssembly (874ms)
		BeginReloadAssembly (97ms)
			ExecutionOrderSort (0ms)
			DisableScriptedObjects (5ms)
			BackupInstance (0ms)
			ReleaseScriptingObjects (0ms)
			CreateAndSetChildDomain (31ms)
		EndReloadAssembly (736ms)
			LoadAssemblies (66ms)
			RebuildTransferFunctionScriptingTraits (0ms)
			SetupTypeCache (193ms)
			ReleaseScriptCaches (1ms)
			RebuildScriptCaches (31ms)
			SetupLoadedEditorAssemblies (355ms)
				LogAssemblyErrors (0ms)
				InitializePlatformSupportModulesInManaged (3ms)
				SetLoadedEditorAssemblies (0ms)
				RefreshPlugins (1ms)
				BeforeProcessingInitializeOnLoad (81ms)
				ProcessInitializeOnLoadAttributes (263ms)
				ProcessInitializeOnLoadMethodAttributes (3ms)
				AfterProcessingInitializeOnLoad (4ms)
				EditorAssembliesLoaded (0ms)
			ExecutionOrderSort2 (0ms)
			AwakeInstancesAfterBackupRestoration (12ms)
Platform modules already initialized, skipping
Shader 'Universal Render Pipeline/Particles/Lit': fallback shader 'Universal Render Pipeline/Particles/SimpleLit' not found
Shader 'Universal Render Pipeline/Particles/Lit': fallback shader 'Universal Render Pipeline/Particles/SimpleLit' not found
Refreshing native plugins compatible for Editor in 0.64 ms, found 2 plugins.
Preloading 0 native plugins for Editor in 0.00 ms.
Unloading 3010 Unused Serialized files (Serialized files now loaded: 0)
System memory in use before: 176.5 MB.
System memory in use after: 173.8 MB.

Unloading 48 unused Assets to reduce memory usage. Loaded Objects now: 3788.
Total: 4.608100 ms (FindLiveObjects: 0.380900 ms CreateObjectMapping: 0.193000 ms MarkObjects: 2.695100 ms  DeleteObjects: 1.338200 ms)

AssetImportParameters requested are different than current active one (requested -> active):
  custom:framework-win-MediaFoundation: 216162199b28c13a410421893ffa2e32 -> 
  custom:video-decoder-ogg-theora: a1e56fd34408186e4bbccfd4996cb3dc -> 
  custom:container-muxer-webm: aa71ff27fc2769a1b78a27578f13a17b -> 
  custom:container-demuxer-webm: 4f35f7cbe854078d1ac9338744f61a02 -> 
  custom:container-demuxer-ogg: 62fdf1f143b41e24485cea50d1cbac27 -> 
  custom:video-encoder-webm-vp8: eb34c28f22e8b96e1ab97ce403110664 -> 
  custom:video-decoder-webm-vp8: 9c59270c3fd7afecdb556c50c9e8de78 -> 
  custom:audio-decoder-ogg-vorbis: bf7c407c2cedff20999df2af8eb42d56 -> 
  custom:audio-encoder-webm-vorbis: bf7c407c2cedff20999df2af8eb42d56 -> 
========================================================================
Received Prepare
Registering precompiled user dll's ...
Registered in 0.003469 seconds.
Begin MonoManager ReloadAssembly
Native extension for WindowsStandalone target not found
Refreshing native plugins compatible for Editor in 0.60 ms, found 2 plugins.
Preloading 0 native plugins for Editor in 0.00 ms.
Mono: successfully reloaded assembly
- Completed reload, in  0.857 seconds
Domain Reload Profiling:
	ReloadAssembly (857ms)
		BeginReloadAssembly (87ms)
			ExecutionOrderSort (0ms)
			DisableScriptedObjects (3ms)
			BackupInstance (0ms)
			ReleaseScriptingObjects (0ms)
			CreateAndSetChildDomain (31ms)
		EndReloadAssembly (728ms)
			LoadAssemblies (65ms)
			RebuildTransferFunctionScriptingTraits (0ms)
			SetupTypeCache (186ms)
			ReleaseScriptCaches (2ms)
			RebuildScriptCaches (32ms)
			SetupLoadedEditorAssemblies (355ms)
				LogAssemblyErrors (0ms)
				InitializePlatformSupportModulesInManaged (3ms)
				SetLoadedEditorAssemblies (0ms)
				RefreshPlugins (1ms)
				BeforeProcessingInitializeOnLoad (89ms)
				ProcessInitializeOnLoadAttributes (255ms)
				ProcessInitializeOnLoadMethodAttributes (3ms)
				AfterProcessingInitializeOnLoad (5ms)
				EditorAssembliesLoaded (0ms)
			ExecutionOrderSort2 (0ms)
			AwakeInstancesAfterBackupRestoration (12ms)
Platform modules already initialized, skipping
Shader 'Universal Render Pipeline/Particles/Lit': fallback shader 'Universal Render Pipeline/Particles/SimpleLit' not found
Shader 'Universal Render Pipeline/Particles/Lit': fallback shader 'Universal Render Pipeline/Particles/SimpleLit' not found
Refreshing native plugins compatible for Editor in 0.60 ms, found 2 plugins.
Preloading 0 native plugins for Editor in 0.00 ms.
Unloading 3010 Unused Serialized files (Serialized files now loaded: 0)
System memory in use before: 176.5 MB.
System memory in use after: 173.8 MB.

Unloading 48 unused Assets to reduce memory usage. Loaded Objects now: 3791.
Total: 4.132100 ms (FindLiveObjects: 0.318700 ms CreateObjectMapping: 0.129600 ms MarkObjects: 2.404700 ms  DeleteObjects: 1.278500 ms)

AssetImportParameters requested are different than current active one (requested -> active):
  custom:framework-win-MediaFoundation: 216162199b28c13a410421893ffa2e32 -> 
  custom:video-decoder-ogg-theora: a1e56fd34408186e4bbccfd4996cb3dc -> 
  custom:container-muxer-webm: aa71ff27fc2769a1b78a27578f13a17b -> 
  custom:container-demuxer-webm: 4f35f7cbe854078d1ac9338744f61a02 -> 
  custom:container-demuxer-ogg: 62fdf1f143b41e24485cea50d1cbac27 -> 
  custom:video-encoder-webm-vp8: eb34c28f22e8b96e1ab97ce403110664 -> 
  custom:video-decoder-webm-vp8: 9c59270c3fd7afecdb556c50c9e8de78 -> 
  custom:audio-decoder-ogg-vorbis: bf7c407c2cedff20999df2af8eb42d56 -> 
  custom:audio-encoder-webm-vorbis: bf7c407c2cedff20999df2af8eb42d56 -> 
========================================================================
Received Prepare
Registering precompiled user dll's ...
Registered in 0.003239 seconds.
Begin MonoManager ReloadAssembly
Native extension for WindowsStandalone target not found
Refreshing native plugins compatible for Editor in 0.63 ms, found 2 plugins.
Preloading 0 native plugins for Editor in 0.00 ms.
Mono: successfully reloaded assembly
- Completed reload, in  0.804 seconds
Domain Reload Profiling:
	ReloadAssembly (805ms)
		BeginReloadAssembly (85ms)
			ExecutionOrderSort (0ms)
			DisableScriptedObjects (3ms)
			BackupInstance (0ms)
			ReleaseScriptingObjects (0ms)
			CreateAndSetChildDomain (28ms)
		EndReloadAssembly (679ms)
			LoadAssemblies (60ms)
			RebuildTransferFunctionScriptingTraits (0ms)
			SetupTypeCache (175ms)
			ReleaseScriptCaches (1ms)
			RebuildScriptCaches (31ms)
			SetupLoadedEditorAssemblies (329ms)
				LogAssemblyErrors (0ms)
				InitializePlatformSupportModulesInManaged (3ms)
				SetLoadedEditorAssemblies (0ms)
				RefreshPlugins (1ms)
				BeforeProcessingInitializeOnLoad (76ms)
				ProcessInitializeOnLoadAttributes (242ms)
				ProcessInitializeOnLoadMethodAttributes (2ms)
				AfterProcessingInitializeOnLoad (4ms)
				EditorAssembliesLoaded (0ms)
			ExecutionOrderSort2 (0ms)
			AwakeInstancesAfterBackupRestoration (11ms)
Platform modules already initialized, skipping
Shader 'Universal Render Pipeline/Particles/Lit': fallback shader 'Universal Render Pipeline/Particles/SimpleLit' not found
Shader 'Universal Render Pipeline/Particles/Lit': fallback shader 'Universal Render Pipeline/Particles/SimpleLit' not found
Refreshing native plugins compatible for Editor in 0.63 ms, found 2 plugins.
Preloading 0 native plugins for Editor in 0.00 ms.
Unloading 3010 Unused Serialized files (Serialized files now loaded: 0)
System memory in use before: 176.5 MB.
System memory in use after: 173.9 MB.

Unloading 48 unused Assets to reduce memory usage. Loaded Objects now: 3794.
Total: 4.234600 ms (FindLiveObjects: 0.358400 ms CreateObjectMapping: 0.126200 ms MarkObjects: 2.394000 ms  DeleteObjects: 1.355100 ms)

AssetImportParameters requested are different than current active one (requested -> active):
  custom:framework-win-MediaFoundation: 216162199b28c13a410421893ffa2e32 -> 
  custom:video-decoder-ogg-theora: a1e56fd34408186e4bbccfd4996cb3dc -> 
  custom:container-muxer-webm: aa71ff27fc2769a1b78a27578f13a17b -> 
  custom:container-demuxer-webm: 4f35f7cbe854078d1ac9338744f61a02 -> 
  custom:container-demuxer-ogg: 62fdf1f143b41e24485cea50d1cbac27 -> 
  custom:video-encoder-webm-vp8: eb34c28f22e8b96e1ab97ce403110664 -> 
  custom:video-decoder-webm-vp8: 9c59270c3fd7afecdb556c50c9e8de78 -> 
  custom:audio-decoder-ogg-vorbis: bf7c407c2cedff20999df2af8eb42d56 -> 
  custom:audio-encoder-webm-vorbis: bf7c407c2cedff20999df2af8eb42d56 -> 
========================================================================
Received Prepare
Registering precompiled user dll's ...
Registered in 0.003672 seconds.
Begin MonoManager ReloadAssembly
Native extension for WindowsStandalone target not found
Refreshing native plugins compatible for Editor in 0.61 ms, found 2 plugins.
Preloading 0 native plugins for Editor in 0.00 ms.
Mono: successfully reloaded assembly
- Completed reload, in  0.811 seconds
Domain Reload Profiling:
	ReloadAssembly (811ms)
		BeginReloadAssembly (91ms)
			ExecutionOrderSort (0ms)
			DisableScriptedObjects (3ms)
			BackupInstance (0ms)
			ReleaseScriptingObjects (0ms)
			CreateAndSetChildDomain (27ms)
		EndReloadAssembly (680ms)
			LoadAssemblies (59ms)
			RebuildTransferFunctionScriptingTraits (0ms)
			SetupTypeCache (177ms)
			ReleaseScriptCaches (1ms)
			RebuildScriptCaches (31ms)
			SetupLoadedEditorAssemblies (326ms)
				LogAssemblyErrors (0ms)
				InitializePlatformSupportModulesInManaged (3ms)
				SetLoadedEditorAssemblies (0ms)
				RefreshPlugins (1ms)
				BeforeProcessingInitializeOnLoad (74ms)
				ProcessInitializeOnLoadAttributes (242ms)
				ProcessInitializeOnLoadMethodAttributes (3ms)
				AfterProcessingInitializeOnLoad (4ms)
				EditorAssembliesLoaded (0ms)
			ExecutionOrderSort2 (0ms)
			AwakeInstancesAfterBackupRestoration (11ms)
Platform modules already initialized, skipping
Shader 'Universal Render Pipeline/Particles/Lit': fallback shader 'Universal Render Pipeline/Particles/SimpleLit' not found
Shader 'Universal Render Pipeline/Particles/Lit': fallback shader 'Universal Render Pipeline/Particles/SimpleLit' not found
Refreshing native plugins compatible for Editor in 0.60 ms, found 2 plugins.
Preloading 0 native plugins for Editor in 0.00 ms.
Unloading 3011 Unused Serialized files (Serialized files now loaded: 0)
System memory in use before: 176.5 MB.
System memory in use after: 173.9 MB.

Unloading 48 unused Assets to reduce memory usage. Loaded Objects now: 3798.
Total: 4.555500 ms (FindLiveObjects: 0.322300 ms CreateObjectMapping: 0.109600 ms MarkObjects: 2.800300 ms  DeleteObjects: 1.322600 ms)

AssetImportParameters requested are different than current active one (requested -> active):
  custom:framework-win-MediaFoundation: 216162199b28c13a410421893ffa2e32 -> 
  custom:video-decoder-ogg-theora: a1e56fd34408186e4bbccfd4996cb3dc -> 
  custom:container-muxer-webm: aa71ff27fc2769a1b78a27578f13a17b -> 
  custom:container-demuxer-webm: 4f35f7cbe854078d1ac9338744f61a02 -> 
  custom:container-demuxer-ogg: 62fdf1f143b41e24485cea50d1cbac27 -> 
  custom:video-encoder-webm-vp8: eb34c28f22e8b96e1ab97ce403110664 -> 
  custom:video-decoder-webm-vp8: 9c59270c3fd7afecdb556c50c9e8de78 -> 
  custom:audio-decoder-ogg-vorbis: bf7c407c2cedff20999df2af8eb42d56 -> 
  custom:audio-encoder-webm-vorbis: bf7c407c2cedff20999df2af8eb42d56 -> 
========================================================================
Received Import Request.
  Time since last request: 6009.056580 seconds.
  path: ProjectSettings/TagManager.asset
  artifactKey: Guid(00000000000000003000000000000000) Importer(815301076,1909f56bfc062723c751e8b465ee728b)
Start importing ProjectSettings/TagManager.asset using Guid(00000000000000003000000000000000) Importer(815301076,1909f56bfc062723c751e8b465ee728b)  -> (artifact id: 'fc42e30003074059bef8fb59cba1b257') in 0.053236 seconds 
  Import took 0.058249 seconds .

========================================================================
Received Import Request.
  Time since last request: 113.222764 seconds.
  path: Assets/rangedCop.cs
  artifactKey: Guid(e2b41e6866e851740a7b806a3e0c62a8) Importer(815301076,1909f56bfc062723c751e8b465ee728b)
Start importing Assets/rangedCop.cs using Guid(e2b41e6866e851740a7b806a3e0c62a8) Importer(815301076,1909f56bfc062723c751e8b465ee728b)  -> (artifact id: 'b61ec33714acc97166cb53a66fd5b2c1') in 0.006302 seconds 
  Import took 0.010752 seconds .

========================================================================
Received Import Request.
  Time since last request: 0.000347 seconds.
  path: Assets/rangedCop.cs
  artifactKey: Guid(e2b41e6866e851740a7b806a3e0c62a8) Importer(815301076,1909f56bfc062723c751e8b465ee728b)
Start importing Assets/rangedCop.cs using Guid(e2b41e6866e851740a7b806a3e0c62a8) Importer(815301076,1909f56bfc062723c751e8b465ee728b)  -> (artifact id: 'b61ec33714acc97166cb53a66fd5b2c1') in 0.001576 seconds 
  Import took 0.004949 seconds .

AssetImportWorkerClient::OnTransportError - code=2 error=End of file
